<?xml version="1.0" encoding="UTF-8"?>
<!-- Generated by org.testng.reporters.JUnitReportReporter -->
<testsuite hostname="Prakaash" failures="0" tests="1" name="testCases.TC001_AccountRegistrationTest" time="5.213" errors="0" timestamp="2024-10-13T12:38:59 IST" skipped="0">
  <testcase classname="testCases.TC001_AccountRegistrationTest" name="verify_account_registration" time="5.213"/>
</testsuite> <!-- testCases.TC001_AccountRegistrationTest -->
