<?xml version="1.0" encoding="UTF-8"?>
<!-- Generated by org.testng.reporters.JUnitReportReporter -->
<testsuite hostname="Prakaash" failures="0" tests="1" name="testCases.TC002_LoginTest" time="2.862" errors="0" timestamp="2024-10-13T12:38:59 IST" skipped="0">
  <testcase classname="testCases.TC002_LoginTest" name="verify_Login" time="2.862"/>
</testsuite> <!-- testCases.TC002_LoginTest -->
