<?xml version="1.0" encoding="UTF-8"?>
<!-- Generated by org.testng.reporters.JUnitReportReporter -->
<testsuite hostname="Prakaash" failures="0" tests="1" name="testCases.TC002_LoginTest" time="1.995" errors="0" timestamp="2024-10-11T23:01:37 IST" skipped="0">
  <testcase classname="testCases.TC002_LoginTest" name="verify_Login" time="1.995"/>
</testsuite> <!-- testCases.TC002_LoginTest -->
